This is pdfTeX, Version 3.14159265-2.6-1.40.16 (MiKTeX 2.9 64-bit) (preloaded format=pdflatex 2016.2.14)  6 MAY 2016 17:29
entering extended mode
**./main.tex
(main.tex
LaTeX2e <2015/10/01> patch level 2
Babel <3.9n> and hyphenation patterns for 69 languages loaded.
("C:\Program Files\MiKTeX 2.9\tex\latex\base\report.cls"
Document Class: report 2014/09/29 v1.4h Standard LaTeX document class
("C:\Program Files\MiKTeX 2.9\tex\latex\base\size11.clo"
File: size11.clo 2014/09/29 v1.4h Standard LaTeX file (size option)
)
\c@part=\count79
\c@chapter=\count80
\c@section=\count81
\c@subsection=\count82
\c@subsubsection=\count83
\c@paragraph=\count84
\c@subparagraph=\count85
\c@figure=\count86
\c@table=\count87
\abovecaptionskip=\skip41
\belowcaptionskip=\skip42
\bibindent=\dimen102
)
("C:\Program Files\MiKTeX 2.9\tex\generic\babel\babel.sty"
Package: babel 2016/01/08 3.9n The Babel package

*************************************
* Local config file bblopts.cfg used
*
("C:\Program Files\MiKTeX 2.9\tex\latex\00miktex\bblopts.cfg"
File: bblopts.cfg 2006/07/31 v1.0 MiKTeX 'babel' configuration
)
("C:\Program Files\MiKTeX 2.9\tex\latex\babel-bahasa\bahasai.ldf"
Language: bahasa 2008/03/15 v1.0l Bahasa Indonesia support from the babel syste
m

("C:\Program Files\MiKTeX 2.9\tex\generic\babel\babel.def"
File: babel.def 2016/01/08 3.9n Babel common definitions
\babel@savecnt=\count88
\U@D=\dimen103
)))
("C:\Program Files\MiKTeX 2.9\tex\latex\base\fontenc.sty"
Package: fontenc 2005/09/27 v1.99g Standard LaTeX package

("C:\Program Files\MiKTeX 2.9\tex\latex\base\t1enc.def"
File: t1enc.def 2005/09/27 v1.99g Standard LaTeX file
LaTeX Font Info:    Redeclaring font encoding T1 on input line 48.
))
("C:\Program Files\MiKTeX 2.9\tex\latex\abstract\abstract.sty"
Package: abstract 2009/06/08 v1.2a configurable abstracts
\abstitleskip=\skip43
\absleftindent=\skip44
\absrightindent=\skip45
\absparindent=\skip46
\absparsep=\skip47
)
("C:\Program Files\MiKTeX 2.9\tex\latex\chappg\chappg.sty"
Package: chappg 2006/05/09 v2.1b page numbering by chapter number pages by chap
ter (or other unit)
)
("C:\Program Files\MiKTeX 2.9\tex\latex\graphics\color.sty"
Package: color 2014/10/28 v1.1a Standard LaTeX Color (DPC)

("C:\Program Files\MiKTeX 2.9\tex\latex\00miktex\color.cfg"
File: color.cfg 2007/01/18 v1.5 color configuration of teTeX/TeXLive
)
Package color Info: Driver file: pdftex.def on input line 142.

("C:\Program Files\MiKTeX 2.9\tex\latex\pdftex-def\pdftex.def"
File: pdftex.def 2011/05/27 v0.06d Graphics/color for pdfTeX

("C:\Program Files\MiKTeX 2.9\tex\generic\oberdiek\infwarerr.sty"
Package: infwarerr 2010/04/08 v1.3 Providing info/warning/error messages (HO)
)
("C:\Program Files\MiKTeX 2.9\tex\generic\oberdiek\ltxcmds.sty"
Package: ltxcmds 2011/11/09 v1.22 LaTeX kernel commands for general use (HO)
)
\Gread@gobject=\count89
))
("C:\Program Files\MiKTeX 2.9\tex\latex\etoolbox\etoolbox.sty"
Package: etoolbox 2015/08/02 v2.2a e-TeX tools for LaTeX (JAW)
\etb@tempcnta=\count90
)
("C:\Program Files\MiKTeX 2.9\tex\latex\fancyhdr\fancyhdr.sty"
\fancy@headwidth=\skip48
\f@ncyO@elh=\skip49
\f@ncyO@erh=\skip50
\f@ncyO@olh=\skip51
\f@ncyO@orh=\skip52
\f@ncyO@elf=\skip53
\f@ncyO@erf=\skip54
\f@ncyO@olf=\skip55
\f@ncyO@orf=\skip56
)
("C:\Program Files\MiKTeX 2.9\tex\latex\float\float.sty"
Package: float 2001/11/08 v1.3d Float enhancements (AL)
\c@float@type=\count91
\float@exts=\toks14
\float@box=\box26
\@float@everytoks=\toks15
\@floatcapt=\box27
)
("C:\Program Files\MiKTeX 2.9\tex\latex\geometry\geometry.sty"
Package: geometry 2010/09/12 v5.6 Page Geometry

("C:\Program Files\MiKTeX 2.9\tex\latex\graphics\keyval.sty"
Package: keyval 2014/10/28 v1.15 key=value parser (DPC)
\KV@toks@=\toks16
)
("C:\Program Files\MiKTeX 2.9\tex\generic\oberdiek\ifpdf.sty"
Package: ifpdf 2011/01/30 v2.3 Provides the ifpdf switch (HO)
Package ifpdf Info: pdfTeX in PDF mode is detected.
)
("C:\Program Files\MiKTeX 2.9\tex\generic\oberdiek\ifvtex.sty"
Package: ifvtex 2010/03/01 v1.5 Detect VTeX and its facilities (HO)
Package ifvtex Info: VTeX not detected.
)
("C:\Program Files\MiKTeX 2.9\tex\generic\ifxetex\ifxetex.sty"
Package: ifxetex 2010/09/12 v0.6 Provides ifxetex conditional
)
\Gm@cnth=\count92
\Gm@cntv=\count93
\c@Gm@tempcnt=\count94
\Gm@bindingoffset=\dimen104
\Gm@wd@mp=\dimen105
\Gm@odd@mp=\dimen106
\Gm@even@mp=\dimen107
\Gm@layoutwidth=\dimen108
\Gm@layoutheight=\dimen109
\Gm@layouthoffset=\dimen110
\Gm@layoutvoffset=\dimen111
\Gm@dimlist=\toks17

("C:\Program Files\MiKTeX 2.9\tex\latex\geometry\geometry.cfg"))
("C:\Program Files\MiKTeX 2.9\tex\latex\graphics\graphicx.sty"
Package: graphicx 2014/10/28 v1.0g Enhanced LaTeX Graphics (DPC,SPQR)

("C:\Program Files\MiKTeX 2.9\tex\latex\graphics\graphics.sty"
Package: graphics 2014/10/28 v1.0p Standard LaTeX Graphics (DPC,SPQR)

("C:\Program Files\MiKTeX 2.9\tex\latex\graphics\trig.sty"
Package: trig 1999/03/16 v1.09 sin cos tan (DPC)
)
("C:\Program Files\MiKTeX 2.9\tex\latex\00miktex\graphics.cfg"
File: graphics.cfg 2007/01/18 v1.5 graphics configuration of teTeX/TeXLive
)
Package graphics Info: Driver file: pdftex.def on input line 94.
)
\Gin@req@height=\dimen112
\Gin@req@width=\dimen113
)
("C:\Program Files\MiKTeX 2.9\tex\latex\listings\listings.sty"
\lst@mode=\count95
\lst@gtempboxa=\box28
\lst@token=\toks18
\lst@length=\count96
\lst@currlwidth=\dimen114
\lst@column=\count97
\lst@pos=\count98
\lst@lostspace=\dimen115
\lst@width=\dimen116
\lst@newlines=\count99
\lst@lineno=\count100
\lst@maxwidth=\dimen117

("C:\Program Files\MiKTeX 2.9\tex\latex\listings\lstmisc.sty"
File: lstmisc.sty 2015/06/04 1.6 (Carsten Heinz)
\c@lstnumber=\count101
\lst@skipnumbers=\count102
\lst@framebox=\box29
)
("C:\Program Files\MiKTeX 2.9\tex\latex\listings\listings.cfg"
File: listings.cfg 2015/06/04 1.6 listings configuration
))
Package: listings 2015/06/04 1.6 (Carsten Heinz)

("C:\Program Files\MiKTeX 2.9\tex\latex\graphics\lscape.sty"
Package: lscape 2000/10/22 v3.01 Landscape Pages (DPC)
)
("C:\Program Files\MiKTeX 2.9\tex\latex\tools\multicol.sty"
Package: multicol 2015/08/19 v1.8n multicolumn formatting (FMi)
\c@tracingmulticols=\count103
\mult@box=\box30
\multicol@leftmargin=\dimen118
\c@unbalance=\count104
\c@collectmore=\count105
\doublecol@number=\count106
\multicoltolerance=\count107
\multicolpretolerance=\count108
\full@width=\dimen119
\page@free=\dimen120
\premulticols=\dimen121
\postmulticols=\dimen122
\multicolsep=\skip57
\multicolbaselineskip=\skip58
\partial@page=\box31
\last@line=\box32
\maxbalancingoverflow=\dimen123
\mult@rightbox=\box33
\mult@grightbox=\box34
\mult@gfirstbox=\box35
\mult@firstbox=\box36
\@tempa=\box37
\@tempa=\box38
\@tempa=\box39
\@tempa=\box40
\@tempa=\box41
\@tempa=\box42
\@tempa=\box43
\@tempa=\box44
\@tempa=\box45
\@tempa=\box46
\@tempa=\box47
\@tempa=\box48
\@tempa=\box49
\@tempa=\box50
\@tempa=\box51
\@tempa=\box52
\@tempa=\box53
\c@columnbadness=\count109
\c@finalcolumnbadness=\count110
\last@try=\dimen124
\multicolovershoot=\dimen125
\multicolundershoot=\dimen126
\mult@nat@firstbox=\box54
\colbreak@box=\box55
\mc@col@check@num=\count111
)
("C:\Program Files\MiKTeX 2.9\tex\latex\base\ifthen.sty"
Package: ifthen 2014/09/29 v1.1c Standard LaTeX ifthen package (DPC)
)
("C:\Program Files\MiKTeX 2.9\tex\latex\lineno\lineno.sty"
Package: lineno 2005/11/02 line numbers on paragraphs v4.41
\linenopenalty=\count112
\output=\toks19
\linenoprevgraf=\count113
\linenumbersep=\dimen127
\linenumberwidth=\dimen128
\c@linenumber=\count114
\c@pagewiselinenumber=\count115
\c@LN@truepage=\count116
\c@internallinenumber=\count117
\c@internallinenumbers=\count118
\quotelinenumbersep=\dimen129
\bframerule=\dimen130
\bframesep=\dimen131
\bframebox=\box56
LaTeX Info: Redefining \\ on input line 3056.
)
("C:\Program Files\MiKTeX 2.9\tex\latex\lipsum\lipsum.sty"
Package: lipsum 2014/07/27 v1.3 150 paragraphs of Lorem Ipsum dummy text
\c@lips@count=\count119
)
("C:\Program Files\MiKTeX 2.9\tex\latex\titlesec\titlesec.sty"
Package: titlesec 2011/12/15 v2.10.0 Sectioning titles
\ttl@box=\box57
\beforetitleunit=\skip59
\aftertitleunit=\skip60
\ttl@plus=\dimen132
\ttl@minus=\dimen133
\ttl@toksa=\toks20
\titlewidth=\dimen134
\titlewidthlast=\dimen135
\titlewidthfirst=\dimen136
)
("C:\Program Files\MiKTeX 2.9\tex\latex\tocbibind\tocbibind.sty"
Package: tocbibind 2010/10/13 v1.5k extra ToC listings
Package tocbibind Info: The document has chapter divisions on input line 50.


Package tocbibind Note: Using chapter style headings, unless overridden.

) ("C:\Program Files\MiKTeX 2.9\tex\latex\tocloft\tocloft.sty"
Package: tocloft 2013/05/02 v2.3f parameterised ToC, etc., typesetting
Package tocloft Info: The document has chapter divisions on input line 44.
\cftparskip=\skip61
\cftbeforetoctitleskip=\skip62
\cftaftertoctitleskip=\skip63
\cftbeforepartskip=\skip64
\cftpartnumwidth=\skip65
\cftpartindent=\skip66
\cftbeforechapskip=\skip67
\cftchapindent=\skip68
\cftchapnumwidth=\skip69
\cftbeforesecskip=\skip70
\cftsecindent=\skip71
\cftsecnumwidth=\skip72
\cftbeforesubsecskip=\skip73
\cftsubsecindent=\skip74
\cftsubsecnumwidth=\skip75
\cftbeforesubsubsecskip=\skip76
\cftsubsubsecindent=\skip77
\cftsubsubsecnumwidth=\skip78
\cftbeforeparaskip=\skip79
\cftparaindent=\skip80
\cftparanumwidth=\skip81
\cftbeforesubparaskip=\skip82
\cftsubparaindent=\skip83
\cftsubparanumwidth=\skip84
\cftbeforeloftitleskip=\skip85
\cftafterloftitleskip=\skip86
\cftbeforefigskip=\skip87
\cftfigindent=\skip88
\cftfignumwidth=\skip89
\c@lofdepth=\count120
\c@lotdepth=\count121
\cftbeforelottitleskip=\skip90
\cftafterlottitleskip=\skip91
\cftbeforetabskip=\skip92
\cfttabindent=\skip93
\cfttabnumwidth=\skip94
)
("C:\Program Files\MiKTeX 2.9\tex\latex\setspace\setspace.sty"
Package: setspace 2011/12/19 v6.7a set line spacing
)
("C:\Program Files\MiKTeX 2.9\tex\latex\xstring\xstring.sty"
("C:\Program Files\MiKTeX 2.9\tex\generic\xstring\xstring.tex"
\@xs@message=\write3
\integerpart=\count122
\decimalpart=\count123
)
Package: xstring 2013/10/13  v1.7c  String manipulations (C Tellechea)
)
("C:\Program Files\MiKTeX 2.9\tex\latex\hyperref\hyperref.sty"
Package: hyperref 2012/11/06 v6.83m Hypertext links for LaTeX

("C:\Program Files\MiKTeX 2.9\tex\generic\oberdiek\hobsub-hyperref.sty"
Package: hobsub-hyperref 2012/04/25 v1.12 Bundle oberdiek, subset hyperref (HO)


("C:\Program Files\MiKTeX 2.9\tex\generic\oberdiek\hobsub-generic.sty"
Package: hobsub-generic 2012/04/25 v1.12 Bundle oberdiek, subset generic (HO)
Package: hobsub 2012/04/25 v1.12 Construct package bundles (HO)
Package hobsub Info: Skipping package `infwarerr' (already loaded).
Package hobsub Info: Skipping package `ltxcmds' (already loaded).
Package: ifluatex 2010/03/01 v1.3 Provides the ifluatex switch (HO)
Package ifluatex Info: LuaTeX not detected.
Package hobsub Info: Skipping package `ifvtex' (already loaded).
Package: intcalc 2007/09/27 v1.1 Expandable calculations with integers (HO)
Package hobsub Info: Skipping package `ifpdf' (already loaded).
Package: etexcmds 2011/02/16 v1.5 Avoid name clashes with e-TeX commands (HO)
Package etexcmds Info: Could not find \expanded.
(etexcmds)             That can mean that you are not using pdfTeX 1.50 or
(etexcmds)             that some package has redefined \expanded.
(etexcmds)             In the latter case, load this package earlier.
Package: kvsetkeys 2012/04/25 v1.16 Key value parser (HO)
Package: kvdefinekeys 2011/04/07 v1.3 Define keys (HO)
Package: pdftexcmds 2011/11/29 v0.20 Utility functions of pdfTeX for LuaTeX (HO
)
Package pdftexcmds Info: LuaTeX not detected.
Package pdftexcmds Info: \pdf@primitive is available.
Package pdftexcmds Info: \pdf@ifprimitive is available.
Package pdftexcmds Info: \pdfdraftmode found.
Package: pdfescape 2011/11/25 v1.13 Implements pdfTeX's escape features (HO)
Package: bigintcalc 2012/04/08 v1.3 Expandable calculations on big integers (HO
)
Package: bitset 2011/01/30 v1.1 Handle bit-vector datatype (HO)
Package: uniquecounter 2011/01/30 v1.2 Provide unlimited unique counter (HO)
)
Package hobsub Info: Skipping package `hobsub' (already loaded).
Package: letltxmacro 2010/09/02 v1.4 Let assignment for LaTeX macros (HO)
Package: hopatch 2011/06/24 v1.1 Wrapper for package hooks (HO)
Package: xcolor-patch 2011/01/30 xcolor patch
Package: atveryend 2011/06/30 v1.8 Hooks at the very end of document (HO)
Package: atbegshi 2011/10/05 v1.16 At begin shipout hook (HO)
Package: refcount 2011/10/16 v3.4 Data extraction from label references (HO)
Package: hycolor 2011/01/30 v1.7 Color options for hyperref/bookmark (HO)
)
("C:\Program Files\MiKTeX 2.9\tex\latex\oberdiek\auxhook.sty"
Package: auxhook 2011/03/04 v1.3 Hooks for auxiliary files (HO)
)
("C:\Program Files\MiKTeX 2.9\tex\latex\oberdiek\kvoptions.sty"
Package: kvoptions 2011/06/30 v3.11 Key value format for package options (HO)
)
\@linkdim=\dimen137
\Hy@linkcounter=\count124
\Hy@pagecounter=\count125

("C:\Program Files\MiKTeX 2.9\tex\latex\hyperref\pd1enc.def"
File: pd1enc.def 2012/11/06 v6.83m Hyperref: PDFDocEncoding definition (HO)
)
\Hy@SavedSpaceFactor=\count126

("C:\Program Files\MiKTeX 2.9\tex\latex\00miktex\hyperref.cfg"
File: hyperref.cfg 2002/06/06 v1.2 hyperref configuration of TeXLive
)
Package hyperref Info: Option `plainpages' set `false' on input line 4319.
Package hyperref Info: Option `pdfpagelabels' set `true' on input line 4319.
Package hyperref Info: Option `unicode' set `true' on input line 4319.

("C:\Program Files\MiKTeX 2.9\tex\latex\hyperref\puenc.def"
File: puenc.def 2012/11/06 v6.83m Hyperref: PDF Unicode definition (HO)
)
Package hyperref Info: Hyper figures OFF on input line 4443.
Package hyperref Info: Link nesting OFF on input line 4448.
Package hyperref Info: Hyper index ON on input line 4451.
Package hyperref Info: Plain pages OFF on input line 4458.
Package hyperref Info: Backreferencing OFF on input line 4463.
Package hyperref Info: Implicit mode ON; LaTeX internals redefined.
Package hyperref Info: Bookmarks ON on input line 4688.
\c@Hy@tempcnt=\count127

("C:\Program Files\MiKTeX 2.9\tex\latex\url\url.sty"
\Urlmuskip=\muskip10
Package: url 2013/09/16  ver 3.4  Verb mode for urls, etc.
)
LaTeX Info: Redefining \url on input line 5041.
\XeTeXLinkMargin=\dimen138
\Fld@menulength=\count128
\Field@Width=\dimen139
\Fld@charsize=\dimen140
Package hyperref Info: Hyper figures OFF on input line 6295.
Package hyperref Info: Link nesting OFF on input line 6300.
Package hyperref Info: Hyper index ON on input line 6303.
Package hyperref Info: backreferencing OFF on input line 6310.
Package hyperref Info: Link coloring OFF on input line 6315.
Package hyperref Info: Link coloring with OCG OFF on input line 6320.
Package hyperref Info: PDF/A mode OFF on input line 6325.
LaTeX Info: Redefining \ref on input line 6365.
LaTeX Info: Redefining \pageref on input line 6369.
\Hy@abspage=\count129
\c@Item=\count130
\c@Hfootnote=\count131
)

Package hyperref Message: Driver (autodetected): hpdftex.

("C:\Program Files\MiKTeX 2.9\tex\latex\hyperref\hpdftex.def"
File: hpdftex.def 2012/11/06 v6.83m Hyperref driver for pdfTeX
\Fld@listcount=\count132
\c@bookmark@seq@number=\count133

("C:\Program Files\MiKTeX 2.9\tex\latex\oberdiek\rerunfilecheck.sty"
Package: rerunfilecheck 2011/04/15 v1.7 Rerun checks for auxiliary files (HO)
Package uniquecounter Info: New unique counter `rerunfilecheck' on input line 2
82.
)
\Hy@SectionHShift=\skip95
)
("C:\Program Files\MiKTeX 2.9\tex\latex\emptypage\emptypage.sty"
Package: emptypage 2010/05/30 v1.2 Suppress page numbers and headings on empty 
pages
)
Package hyperref Info: Option `unicode' set `true' on input line 303.
Package hyperref Info: Option `colorlinks' set `true' on input line 303.

\@input{data.aux}
\openout2 = `data.aux'.

(data.tex ("C:\Program Files\MiKTeX 2.9\tex\latex\booktabs\booktabs.sty"
Package: booktabs 2005/04/14 v1.61803 publication quality tables
\heavyrulewidth=\dimen141
\lightrulewidth=\dimen142
\cmidrulewidth=\dimen143
\belowrulesep=\dimen144
\belowbottomsep=\dimen145
\aboverulesep=\dimen146
\abovetopsep=\dimen147
\cmidrulesep=\dimen148
\cmidrulekern=\dimen149
\defaultaddspace=\dimen150
\@cmidla=\count134
\@cmidlb=\count135
\@aboverulesep=\dimen151
\@belowrulesep=\dimen152
\@thisruleclass=\count136
\@lastruleclass=\count137
\@thisrulewidth=\dimen153
)
("C:\Program Files\MiKTeX 2.9\tex\latex\xcolor\xcolor.sty"
Package: xcolor 2007/01/21 v2.11 LaTeX color extensions (UK)

("C:\Program Files\MiKTeX 2.9\tex\latex\00miktex\color.cfg"
File: color.cfg 2007/01/18 v1.5 color configuration of teTeX/TeXLive
)
Package xcolor Info: Driver file: pdftex.def on input line 225.

("C:\Program Files\MiKTeX 2.9\tex\latex\colortbl\colortbl.sty"
Package: colortbl 2012/02/13 v1.0a Color table columns (DPC)

("C:\Program Files\MiKTeX 2.9\tex\latex\tools\array.sty"
Package: array 2014/10/28 v2.4c Tabular extension package (FMi)
\col@sep=\dimen154
\extrarowheight=\dimen155
\NC@list=\toks21
\extratabsurround=\skip96
\backup@length=\skip97
)
\everycr=\toks22
\minrowclearance=\skip98
)
LaTeX Info: Redefining \color on input line 702.
\rownum=\count138
Package xcolor Info: Model `cmy' substituted by `cmy0' on input line 1337.
Package xcolor Info: Model `hsb' substituted by `rgb' on input line 1341.
Package xcolor Info: Model `RGB' extended on input line 1353.
Package xcolor Info: Model `HTML' substituted by `rgb' on input line 1355.
Package xcolor Info: Model `Hsb' substituted by `hsb' on input line 1356.
Package xcolor Info: Model `tHsb' substituted by `hsb' on input line 1357.
Package xcolor Info: Model `HSB' substituted by `hsb' on input line 1358.
Package xcolor Info: Model `Gray' substituted by `gray' on input line 1359.
Package xcolor Info: Model `wave' substituted by `hsb' on input line 1360.
)
("C:\Program Files\MiKTeX 2.9\tex\latex\tools\longtable.sty"
Package: longtable 2014/10/28 v4.11 Multi-page Table package (DPC)
\LTleft=\skip99
\LTright=\skip100
\LTpre=\skip101
\LTpost=\skip102
\LTchunksize=\count139
\LTcapwidth=\dimen156
\LT@head=\box58
\LT@firsthead=\box59
\LT@foot=\box60
\LT@lastfoot=\box61
\LT@cols=\count140
\LT@rows=\count141
\c@LT@tables=\count142
\c@LT@chunks=\count143
\LT@p@ftn=\toks23
)
("C:\Program Files\MiKTeX 2.9\tex\latex\amsmath\amsmath.sty"
Package: amsmath 2013/01/14 v2.14 AMS math features
\@mathmargin=\skip103

For additional information on amsmath, use the `?' option.
("C:\Program Files\MiKTeX 2.9\tex\latex\amsmath\amstext.sty"
Package: amstext 2000/06/29 v2.01

("C:\Program Files\MiKTeX 2.9\tex\latex\amsmath\amsgen.sty"
File: amsgen.sty 1999/11/30 v2.0
\@emptytoks=\toks24
\ex@=\dimen157
))
("C:\Program Files\MiKTeX 2.9\tex\latex\amsmath\amsbsy.sty"
Package: amsbsy 1999/11/29 v1.2d
\pmbraise@=\dimen158
)
("C:\Program Files\MiKTeX 2.9\tex\latex\amsmath\amsopn.sty"
Package: amsopn 1999/12/14 v2.01 operator names
)
\inf@bad=\count144
LaTeX Info: Redefining \frac on input line 210.
\uproot@=\count145
\leftroot@=\count146
LaTeX Info: Redefining \overline on input line 306.
\classnum@=\count147
\DOTSCASE@=\count148
LaTeX Info: Redefining \ldots on input line 378.
LaTeX Info: Redefining \dots on input line 381.
LaTeX Info: Redefining \cdots on input line 466.
\Mathstrutbox@=\box62
\strutbox@=\box63
\big@size=\dimen159
LaTeX Font Info:    Redeclaring font encoding OML on input line 566.
LaTeX Font Info:    Redeclaring font encoding OMS on input line 567.
\macc@depth=\count149
\c@MaxMatrixCols=\count150
\dotsspace@=\muskip11
\c@parentequation=\count151
\dspbrk@lvl=\count152
\tag@help=\toks25
\row@=\count153
\column@=\count154
\maxfields@=\count155
\andhelp@=\toks26
\eqnshift@=\dimen160
\alignsep@=\dimen161
\tagshift@=\dimen162
\tagwidth@=\dimen163
\totwidth@=\dimen164
\lineht@=\dimen165
\@envbody=\toks27
\multlinegap=\skip104
\multlinetaggap=\skip105
\mathdisplay@stack=\toks28
LaTeX Info: Redefining \[ on input line 2665.
LaTeX Info: Redefining \] on input line 2666.
))
\@input{dosen.aux}
\openout2 = `dosen.aux'.

(dosen.tex) (main.aux (Bab/bab1.aux) (Bab/bab2.aux) (Bab/bab3.aux)
(Bab/bab4.aux) (Bab/bab5.aux) (Bab/bab6.aux) (Bab/bab7.aux) (Bab/bab8.aux)
(Bab/bab9.aux) (Lampiran/lampA.aux) (Lampiran/lampB.aux) (Lampiran/lampC.aux)
(Lampiran/lampD.aux) (Lampiran/lampE.aux) (Lampiran/lampF.aux)
(Lampiran/lampG.aux) (Lampiran/lampH.aux) (Lampiran/lampI.aux))
\openout1 = `main.aux'.

LaTeX Font Info:    Checking defaults for OML/cmm/m/it on input line 318.
LaTeX Font Info:    ... okay on input line 318.
LaTeX Font Info:    Checking defaults for T1/cmr/m/n on input line 318.
LaTeX Font Info:    ... okay on input line 318.
LaTeX Font Info:    Checking defaults for OT1/cmr/m/n on input line 318.
LaTeX Font Info:    ... okay on input line 318.
LaTeX Font Info:    Checking defaults for OMS/cmsy/m/n on input line 318.
LaTeX Font Info:    ... okay on input line 318.
LaTeX Font Info:    Checking defaults for OMX/cmex/m/n on input line 318.
LaTeX Font Info:    ... okay on input line 318.
LaTeX Font Info:    Checking defaults for U/cmr/m/n on input line 318.
LaTeX Font Info:    ... okay on input line 318.
LaTeX Font Info:    Checking defaults for PD1/pdf/m/n on input line 318.
LaTeX Font Info:    ... okay on input line 318.
LaTeX Font Info:    Checking defaults for PU/pdf/m/n on input line 318.
LaTeX Font Info:    ... okay on input line 318.

("C:\Program Files\MiKTeX 2.9\tex\context\base\supp-pdf.mkii"
[Loading MPS to PDF converter (version 2006.09.02).]
\scratchcounter=\count156
\scratchdimen=\dimen166
\scratchbox=\box64
\nofMPsegments=\count157
\nofMParguments=\count158
\everyMPshowfont=\toks29
\MPscratchCnt=\count159
\MPscratchDim=\dimen167
\MPnumerator=\count160
\makeMPintoPDFobject=\count161
\everyMPtoPDFconversion=\toks30
)
*geometry* driver: auto-detecting
*geometry* detected driver: pdftex
*geometry* verbose mode - [ preamble ] result:
* driver: pdftex
* paper: a4paper
* layout: <same size as paper>
* layoutoffset:(h,v)=(0.0pt,0.0pt)
* modes: twoside 
* h-part:(L,W,R)=(71.13188pt, 469.47049pt, 56.9055pt)
* v-part:(T,H,B)=(71.13188pt, 702.78308pt, 71.13188pt)
* \paperwidth=597.50787pt
* \paperheight=845.04684pt
* \textwidth=469.47049pt
* \textheight=702.78308pt
* \oddsidemargin=-1.1381pt
* \evensidemargin=-15.36449pt
* \topmargin=-38.1381pt
* \headheight=15.0pt
* \headsep=25.0pt
* \topskip=11.0pt
* \footskip=30.0pt
* \marginparwidth=103.0pt
* \marginparsep=10.0pt
* \columnsep=10.0pt
* \skip\footins=10.0pt plus 4.0pt minus 2.0pt
* \hoffset=0.0pt
* \voffset=0.0pt
* \mag=1000
* \@twocolumnfalse
* \@twosidetrue
* \@mparswitchtrue
* \@reversemarginfalse
* (1in=72.27pt=25.4mm, 1cm=28.453pt)

\c@lstlisting=\count162
\AtBeginShipoutBox=\box65
Package hyperref Info: Link coloring ON on input line 318.
("C:\Program Files\MiKTeX 2.9\tex\latex\hyperref\nameref.sty"
Package: nameref 2012/10/27 v2.43 Cross-referencing by name of section

("C:\Program Files\MiKTeX 2.9\tex\generic\oberdiek\gettitlestring.sty"
Package: gettitlestring 2010/12/03 v1.4 Cleanup title references (HO)
)
\c@section@level=\count163
)
LaTeX Info: Redefining \ref on input line 318.
LaTeX Info: Redefining \pageref on input line 318.
LaTeX Info: Redefining \nameref on input line 318.

(main.out) (main.out)
\@outlinefile=\write4
\openout4 = `main.out'.


<Gambar/logo-unpar.png, id=199, 360.59718pt x 356.0803pt>
File: Gambar/logo-unpar.png Graphic file (type png)

<use Gambar/logo-unpar.png>
Package pdftex.def Info: Gambar/logo-unpar.png used on input line 491.
(pdftex.def)             Requested size: 144.23631pt x 142.4296pt.
 [1





{C:/Users/Michael/AppData/Local/MiKTeX/2.9/pdftex/config/pdftex.map} <./Gambar/
logo-unpar.png>] [2

]
File: Gambar/logo-unpar.png Graphic file (type png)
 <use Gambar/logo-unpar.png>
Package pdftex.def Info: Gambar/logo-unpar.png used on input line 491.
(pdftex.def)             Requested size: 144.23631pt x 142.4296pt.

[3] [4

] [5] [6

] [7] [8

] [9] [10

] [11] [12

] [13] [14

] [15

] [16

] (main.toc
[17])
\tf@toc=\write5
\openout5 = `main.toc'.

 [18] (main.lof)
\tf@lof=\write6
\openout6 = `main.lof'.

 [19] (main.lot)
\tf@lot=\write7
\openout7 = `main.lot'.

 [20]
\openout2 = `Bab/bab1.aux'.

 (Bab/bab1.tex [1



] [2

]
Bab 1.
[3]
LaTeX Font Info:    Try loading font information for OMS+cmr on input line 23.
 ("C:\Program Files\MiKTeX 2.9\tex\latex\base\omscmr.fd"
File: omscmr.fd 2014/09/29 v2.5h Standard LaTeX font definitions
)
LaTeX Font Info:    Font shape `OMS/cmr/m/n' in size <10.95> not available
(Font)              Font shape `OMS/cmsy/m/n' tried instead on input line 23.
 [4]
Overfull \hbox (1.46626pt too wide) in paragraph at lines 51--52
[]\T1/cmr/m/n/10.95 Melakukan stu-di li-te-ra-tur ten-tang pe-meng-gal-an ka-ta
 pa-da Ba-ha-sa In-do-ne-sia dan jenis-jenisnya. 
 []

) [5]
\openout2 = `Bab/bab2.aux'.

 (Bab/bab2.tex [6



]
Bab 2.

Package hyperref Warning: Token not allowed in a PDF string (Unicode):
(hyperref)                removing `\@ifnextchar' on input line 6.

[7]

Package hyperref Warning: Token not allowed in a PDF string (Unicode):
(hyperref)                removing `\@ifnextchar' on input line 50.

[8]
Overfull \hbox (23.73079pt too wide) in paragraph at lines 58--60
\T1/cmr/m/n/10.95 Membuat ring-kas-an da-ri ar-ti-kel, do-ku-men atau ema-il se
-ca-ra oto-ma-tis. De-ngan \T1/cmr/m/it/10.95 auto-summarization\T1/cmr/m/n/10.
95 ,
 []


Package hyperref Warning: Token not allowed in a PDF string (Unicode):
(hyperref)                removing `\@ifnextchar' on input line 70.


Package hyperref Warning: Token not allowed in a PDF string (Unicode):
(hyperref)                removing `\@ifnextchar' on input line 82.

[9]

Package hyperref Warning: Token not allowed in a PDF string (Unicode):
(hyperref)                removing `\@ifnextchar' on input line 117.

[10]

Package hyperref Warning: Token not allowed in a PDF string (Unicode):
(hyperref)                removing `\@ifnextchar' on input line 130.

[11]

Package hyperref Warning: Token not allowed in a PDF string (Unicode):
(hyperref)                removing `\@ifnextchar' on input line 161.

<Gambar/S0.png, id=541, 303.38344pt x 48.18pt>
File: Gambar/S0.png Graphic file (type png)
 <use Gambar/S0.png>
Package pdftex.def Info: Gambar/S0.png used on input line 171.
(pdftex.def)             Requested size: 242.70708pt x 38.54402pt.
 [12]
<Gambar/S1.png, id=548, 307.1475pt x 57.96657pt>
File: Gambar/S1.png Graphic file (type png)
 <use Gambar/S1.png>
Package pdftex.def Info: Gambar/S1.png used on input line 179.
(pdftex.def)             Requested size: 245.71832pt x 46.3733pt.

<Gambar/perbandingan-s0-s1.png, id=549, 303.38344pt x 48.18pt>
File: Gambar/perbandingan-s0-s1.png Graphic file (type png)

<use Gambar/perbandingan-s0-s1.png>
Package pdftex.def Info: Gambar/perbandingan-s0-s1.png used on input line 185.
(pdftex.def)             Requested size: 485.41415pt x 77.08806pt.

Overfull \hbox (15.94366pt too wide) in paragraph at lines 185--186
 [][] 
 []

<Gambar/overlap-result.png, id=550, 304.88907pt x 49.68562pt>
File: Gambar/overlap-result.png Graphic file (type png)

<use Gambar/overlap-result.png>
Package pdftex.def Info: Gambar/overlap-result.png used on input line 193.
(pdftex.def)             Requested size: 243.91158pt x 39.74855pt.
 [13 <./Gambar/S0.png> <./Gambar/S1.png> <./Gambar/perbandingan-s0-s1.png> <./G
ambar/overlap-result.png>]) [14]
\openout2 = `Bab/bab3.aux'.

 (Bab/bab3.tex
Bab 3.
[15



] <Gambar/DFSA-1.png, id=577, 477.28313pt x 437.38406pt>
File: Gambar/DFSA-1.png Graphic file (type png)

<use Gambar/DFSA-1.png>
Package pdftex.def Info: Gambar/DFSA-1.png used on input line 22.
(pdftex.def)             Requested size: 381.82701pt x 349.90771pt.
 [16] [17 <./Gambar/DFSA-1.png>]
<Gambar/DFSA-2.png, id=591, 419.31656pt x 374.14781pt>
File: Gambar/DFSA-2.png Graphic file (type png)
 <use Gambar/DFSA-2.png>
Package pdftex.def Info: Gambar/DFSA-2.png used on input line 64.
(pdftex.def)             Requested size: 335.45369pt x 299.31863pt.

[18] <Gambar/DFSA-3.png, id=597, 365.11406pt x 430.60875pt>
File: Gambar/DFSA-3.png Graphic file (type png)

<use Gambar/DFSA-3.png>
Package pdftex.def Info: Gambar/DFSA-3.png used on input line 87.
(pdftex.def)             Requested size: 365.11316pt x 430.60768pt.
 [19 <./Gambar/DFSA-2.png>] [20 <./Gambar/DFSA-3.png>]
[21] <Gambar/format-kamus.png, id=616, 152.82094pt x 97.86563pt>
File: Gambar/format-kamus.png Graphic file (type png)

<use Gambar/format-kamus.png>
Package pdftex.def Info: Gambar/format-kamus.png used on input line 126.
(pdftex.def)             Requested size: 122.2569pt x 78.29259pt.
 [22 <./Gambar/format-kamus.png>]
<Gambar/dfd-embed.png, id=625, 585.68813pt x 214.55156pt>
File: Gambar/dfd-embed.png Graphic file (type png)

<use Gambar/dfd-embed.png>
Package pdftex.def Info: Gambar/dfd-embed.png used on input line 144.
(pdftex.def)             Requested size: 468.55113pt x 171.64146pt.
 [23 <./Gambar/dfd-embed.png>]
<Gambar/dfd-extract.png, id=636, 323.70938pt x 137.01187pt>
File: Gambar/dfd-extract.png Graphic file (type png)

<use Gambar/dfd-extract.png>
Package pdftex.def Info: Gambar/dfd-extract.png used on input line 181.
(pdftex.def)             Requested size: 258.96785pt x 109.60963pt.
 [24]
<Gambar/usecase.png, id=655, 662.475pt x 501.37312pt>
File: Gambar/usecase.png Graphic file (type png)
 <use Gambar/usecase.png>
Package pdftex.def Info: Gambar/usecase.png used on input line 192.
(pdftex.def)             Requested size: 331.2367pt x 250.68594pt.

[25 <./Gambar/dfd-extract.png> <./Gambar/usecase.png>] [26] [27] [28]
<Gambar/classdiagram.png, id=687, 750.55406pt x 560.0925pt>
File: Gambar/classdiagram.png Graphic file (type png)

<use Gambar/classdiagram.png>
Package pdftex.def Info: Gambar/classdiagram.png used on input line 399.
(pdftex.def)             Requested size: 450.3359pt x 336.05809pt.
 [29] [30 <./Gambar/classdiagram.png>]) [31]
\openout2 = `Bab/bab4.aux'.


(Bab/bab4.tex [32



]
Bab 4.
<Gambar/tab.png, id=713, 189.1065pt x 105.7551pt>
File: Gambar/tab.png Graphic file (type png)
 <use Gambar/tab.png>
Package pdftex.def Info: Gambar/tab.png used on input line 11.
(pdftex.def)             Requested size: 340.39143pt x 190.35902pt.

<Gambar/tab-embed.png, id=714, 189.1065pt x 105.7551pt>
File: Gambar/tab-embed.png Graphic file (type png)

<use Gambar/tab-embed.png>
Package pdftex.def Info: Gambar/tab-embed.png used on input line 20.
(pdftex.def)             Requested size: 340.39143pt x 190.35902pt.
 [33 <./Gambar/tab.png>]
<Gambar/tab-extract.png, id=721, 189.1065pt x 105.7551pt>
File: Gambar/tab-extract.png Graphic file (type png)

<use Gambar/tab-extract.png>
Package pdftex.def Info: Gambar/tab-extract.png used on input line 37.
(pdftex.def)             Requested size: 340.39143pt x 190.35902pt.
 [34 <./Gambar/tab-embed.png> <./Gambar/tab-extract.png>] <Gambar/tab-tambah-co
ver.png, id=732, 189.1065pt x 105.7551pt>
File: Gambar/tab-tambah-cover.png Graphic file (type png)

<use Gambar/tab-tambah-cover.png>
Package pdftex.def Info: Gambar/tab-tambah-cover.png used on input line 54.
(pdftex.def)             Requested size: 340.39143pt x 190.35902pt.

<Gambar/tab-tambah-sinonim.png, id=734, 189.1065pt x 105.7551pt>
File: Gambar/tab-tambah-sinonim.png Graphic file (type png)

<use Gambar/tab-tambah-sinonim.png>
Package pdftex.def Info: Gambar/tab-tambah-sinonim.png used on input line 72.
(pdftex.def)             Requested size: 340.39143pt x 190.35902pt.
 [35 <./Gambar/tab-tambah-cover.png>]
<Gambar/tab-petunjuk.png, id=749, 189.1065pt x 105.7551pt>
File: Gambar/tab-petunjuk.png Graphic file (type png)

<use Gambar/tab-petunjuk.png>
Package pdftex.def Info: Gambar/tab-petunjuk.png used on input line 92.
(pdftex.def)             Requested size: 340.39143pt x 190.35902pt.
 [36 <./Gambar/tab-tambah-sinonim.png>] [37 <./Gambar/tab-petunjuk.png>]
<Gambar/class-diagram-lengkap.png, id=770, 732.48656pt x 656.4525pt>
File: Gambar/class-diagram-lengkap.png Graphic file (type png)

<use Gambar/class-diagram-lengkap.png>
Package pdftex.def Info: Gambar/class-diagram-lengkap.png used on input line 14
7.
(pdftex.def)             Requested size: 439.49532pt x 393.87454pt.
 [38 <./Gambar/class-diagram-lengkap.png>] [39]
Underfull \hbox (badness 10000) in paragraph at lines 258--260

 []


Underfull \hbox (badness 10000) in paragraph at lines 264--266

 []


Underfull \hbox (badness 10000) in paragraph at lines 267--269

 []


Underfull \hbox (badness 10000) in paragraph at lines 270--272

 []

[40]
Underfull \hbox (badness 10000) in paragraph at lines 273--275

 []


Underfull \hbox (badness 10000) in paragraph at lines 276--278

 []

<Gambar/activity-penyisipan.png, id=789, 706.13812pt x 835.62187pt>
File: Gambar/activity-penyisipan.png Graphic file (type png)

<use Gambar/activity-penyisipan.png>
Package pdftex.def Info: Gambar/activity-penyisipan.png used on input line 311.

(pdftex.def)             Requested size: 282.45024pt x 334.24283pt.
 [41]
<Gambar/activity-ekstraksi.png, id=807, 605.26125pt x 260.47313pt>
File: Gambar/activity-ekstraksi.png Graphic file (type png)

<use Gambar/activity-ekstraksi.png>
Package pdftex.def Info: Gambar/activity-ekstraksi.png used on input line 320.
(pdftex.def)             Requested size: 302.62987pt x 130.23624pt.
 [42 <./Gambar/activity-penyisipan.png> <./Gambar/activity-ekstraksi.png>]) [43
]
\openout2 = `Bab/bab5.aux'.

 (Bab/bab5.tex [44



]
Bab 5.
<Gambar/ui-embed.png, id=827, 557.08125pt x 324.46219pt>
File: Gambar/ui-embed.png Graphic file (type png)

<use Gambar/ui-embed.png>
Package pdftex.def Info: Gambar/ui-embed.png used on input line 9.
(pdftex.def)             Requested size: 445.6656pt x 259.57008pt.

<Gambar/ui-extract.png, id=828, 557.08125pt x 325.215pt>
File: Gambar/ui-extract.png Graphic file (type png)

<use Gambar/ui-extract.png>
Package pdftex.def Info: Gambar/ui-extract.png used on input line 16.
(pdftex.def)             Requested size: 445.6656pt x 260.17235pt.
 [45 <./Gambar/ui-embed.png>]
<Gambar/ui-tambah-cover.png, id=836, 557.08125pt x 326.72063pt>
File: Gambar/ui-tambah-cover.png Graphic file (type png)

<use Gambar/ui-tambah-cover.png>
Package pdftex.def Info: Gambar/ui-tambah-cover.png used on input line 25.
(pdftex.def)             Requested size: 445.6656pt x 261.37685pt.

<Gambar/ui-tambah-sinonim.png, id=837, 555.57562pt x 324.46219pt>
File: Gambar/ui-tambah-sinonim.png Graphic file (type png)

<use Gambar/ui-tambah-sinonim.png>
Package pdftex.def Info: Gambar/ui-tambah-sinonim.png used on input line 32.
(pdftex.def)             Requested size: 444.46109pt x 259.57008pt.
 [46 <./Gambar/ui-extract.png> <./Gambar/ui-tambah-cover.png>] <Gambar/ui-petun
juk.png, id=846, 557.83406pt x 327.47343pt>
File: Gambar/ui-petunjuk.png Graphic file (type png)

<use Gambar/ui-petunjuk.png>
Package pdftex.def Info: Gambar/ui-petunjuk.png used on input line 41.
(pdftex.def)             Requested size: 446.26784pt x 261.97911pt.
 [47 <./Gambar/ui-tambah-sinonim.png> <./Gambar/ui-petunjuk.png>]
Underfull \hbox (badness 10000) in paragraph at lines 50--51

 []


Overfull \hbox (8.09517pt too wide) in paragraph at lines 57--57
[]|\T1/cmr/m/n/10.95 No.| 
 []


Underfull \hbox (badness 10000) in paragraph at lines 59--59
[]|\T1/cmr/m/n/10.95 Pengguna meng-e-tikk-an
 []


Underfull \hbox (badness 4518) in paragraph at lines 59--59
\T1/cmr/m/n/10.95 pes-an ra-ha-sia se-pan-jang
 []


Underfull \hbox (badness 3668) in paragraph at lines 59--59
\T1/cmr/m/n/10.95 tom-bol Em-bed (pan-jang
 []


Underfull \hbox (badness 10000) in paragraph at lines 59--59
\T1/cmr/m/n/10.95 ka-rak-ter pes-an ra-ha-sia
 []


Underfull \hbox (badness 6063) in paragraph at lines 59--59
\T1/cmr/m/n/10.95 ma-sih da-pat di-tam-pung
 []


Underfull \hbox (badness 10000) in paragraph at lines 61--61
[]|\T1/cmr/m/n/10.95 Pengguna meng-e-tikk-an
 []


Underfull \hbox (badness 4518) in paragraph at lines 61--61
\T1/cmr/m/n/10.95 pes-an ra-ha-sia se-pan-jang
 []


Underfull \hbox (badness 3668) in paragraph at lines 61--61
\T1/cmr/m/n/10.95 tom-bol Em-bed (pan-jang
 []


Underfull \hbox (badness 10000) in paragraph at lines 61--61
\T1/cmr/m/n/10.95 ka-rak-ter pes-an ra-ha-sia
 []


Underfull \hbox (badness 10000) in paragraph at lines 61--61
\T1/cmr/m/n/10.95 ti-dak da-pat di-tam-pung
 []


Underfull \hbox (badness 10000) in paragraph at lines 61--62
[]|\T1/cmr/m/n/10.95 Perangkat
 []


Underfull \hbox (badness 10000) in paragraph at lines 61--62
\T1/cmr/m/n/10.95 pilk-an teks
 []


Underfull \hbox (badness 10000) in paragraph at lines 61--62
\T1/cmr/m/n/10.95 "Pes-an ra-ha-
 []


Underfull \hbox (badness 10000) in paragraph at lines 61--62
\T1/cmr/m/n/10.95 sia me-le-bi-hi
 []


Underfull \hbox (badness 10000) in paragraph at lines 63--63
[]|\T1/cmr/m/n/10.95 Pengguna meng-e-tikk-an
 []


Underfull \hbox (badness 10000) in paragraph at lines 63--63
\T1/cmr/m/n/10.95 an-dung ka-rak-ter yang
 []


Overfull \hbox (8.09517pt too wide) in paragraph at lines 73--73
[]|\T1/cmr/m/n/10.95 No.| 
 []


Underfull \hbox (badness 10000) in paragraph at lines 75--75
[]|\T1/cmr/m/n/10.95 Pengguna me-ma-sukk-an
 []


Underfull \hbox (badness 10000) in paragraph at lines 77--77
[]|\T1/cmr/m/n/10.95 Pengguna me-ma-sukk-an
 []


Underfull \hbox (badness 4954) in paragraph at lines 77--77
\T1/cmr/m/n/10.95 teks yang buk-an \T1/cmr/m/it/10.95 stego-
 []


Underfull \hbox (badness 10000) in paragraph at lines 77--77
\T1/cmr/m/it/10.95 object \T1/cmr/m/n/10.95 la-lu me-nek-an
 []


Underfull \hbox (badness 10000) in paragraph at lines 79--79
[]|\T1/cmr/m/n/10.95 Pengguna me-ma-sukk-an
 []


Underfull \hbox (badness 8038) in paragraph at lines 79--79
\T1/cmr/m/it/10.95 stego-object \T1/cmr/m/n/10.95 yang me-ru-
 []


Underfull \hbox (badness 10000) in paragraph at lines 79--79
\T1/cmr/m/n/10.95 ra-ha-sia yang meng-an-
 []


Underfull \hbox (badness 10000) in paragraph at lines 79--80
[]|\T1/cmr/m/n/10.95 Perangkat
 []


Underfull \hbox (badness 10000) in paragraph at lines 79--80
\T1/cmr/m/n/10.95 pilk-an pes-an
 []


Underfull \hbox (badness 10000) in paragraph at lines 79--80
\T1/cmr/m/n/10.95 ti-dak se-su-ai
 []


Underfull \hbox (badness 4927) in paragraph at lines 79--80
\T1/cmr/m/n/10.95 de-ngan pes-an
 []


Underfull \hbox (badness 10000) in paragraph at lines 79--80
\T1/cmr/m/n/10.95 ra-ha-sia yang
 []


Underfull \hbox (badness 10000) in paragraph at lines 79--80
\T1/cmr/m/n/10.95 di-sem-bu-nyik-
 []

[48]
Overfull \hbox (8.09517pt too wide) in paragraph at lines 91--91
[]|\T1/cmr/m/n/10.95 No.| 
 []


Underfull \hbox (badness 10000) in paragraph at lines 93--93
[]|\T1/cmr/m/n/10.95 Pengguna me-ma-sukk-an
 []


Underfull \hbox (badness 1527) in paragraph at lines 93--93
\T1/cmr/m/n/10.95 yang ba-ru dan men-daf-tar-kan-nya pa-da
 []


Underfull \hbox (badness 10000) in paragraph at lines 95--95
[]|\T1/cmr/m/n/10.95 Pengguna me-ma-sukk-an
 []


Underfull \hbox (badness 1436) in paragraph at lines 95--95
\T1/cmr/m/it/10.95 stego-cover \T1/cmr/m/n/10.95 tan-pa me-ma-
 []


Underfull \hbox (badness 10000) in paragraph at lines 97--97
[]|\T1/cmr/m/n/10.95 Pengguna me-ma-sukk-an
 []


Underfull \hbox (badness 1924) in paragraph at lines 97--97
\T1/cmr/m/it/10.95 stego-cover \T1/cmr/m/n/10.95 de-ngan ju-dul
 []


Underfull \hbox (badness 3954) in paragraph at lines 99--99
\T1/cmr/m/n/10.95 dul yang be-lum ter-daf-
 []


Underfull \hbox (badness 1527) in paragraph at lines 99--99
\T1/cmr/m/n/10.95 yang ba-ru dan men-daf-tar-kan-nya pa-da
 []


Overfull \hbox (8.09517pt too wide) in paragraph at lines 111--111
[]|\T1/cmr/m/n/10.95 No.| 
 []


Underfull \hbox (badness 10000) in paragraph at lines 113--113
[]|\T1/cmr/m/n/10.95 Pengguna me-nam-bahk-an
 []


Underfull \hbox (badness 10000) in paragraph at lines 115--115
[]|\T1/cmr/m/n/10.95 Pengguna me-nam-bahk-an
 []

[49]
Overfull \hbox (8.09517pt too wide) in paragraph at lines 125--125
[]|\T1/cmr/m/n/10.95 No.| 
 []


Underfull \hbox (badness 2799) in paragraph at lines 127--127
[]|\T1/cmr/m/n/10.95 Pengguna me-me-rik-sa se-
 []


Underfull \hbox (badness 3919) in paragraph at lines 127--127
\T1/cmr/m/n/10.95 mua si-no-nim (ada ka-ta
 []


Underfull \hbox (badness 7740) in paragraph at lines 127--127
\T1/cmr/m/n/10.95 yang si-no-nim-nya be-lum
 []


Underfull \hbox (badness 2799) in paragraph at lines 129--129
[]|\T1/cmr/m/n/10.95 Pengguna me-me-rik-sa se-
 []


Underfull \hbox (badness 1092) in paragraph at lines 129--129
\T1/cmr/m/n/10.95 mua si-no-nim (se-mua ka-
 []

<Gambar/graf-embed.png, id=865, 386.94562pt x 207.77625pt>
File: Gambar/graf-embed.png Graphic file (type png)

<use Gambar/graf-embed.png>
Package pdftex.def Info: Gambar/graf-embed.png used on input line 139.
(pdftex.def)             Requested size: 309.55692pt x 166.2212pt.

<Gambar/graf-extract.png, id=866, 385.44pt x 210.7875pt>
File: Gambar/graf-extract.png Graphic file (type png)

<use Gambar/graf-extract.png>
Package pdftex.def Info: Gambar/graf-extract.png used on input line 146.
(pdftex.def)             Requested size: 308.35242pt x 168.63022pt.
 [50 <./Gambar/graf-embed.png>]
<Gambar/graf-tambah-cover.png, id=873, 386.19281pt x 210.03468pt>
File: Gambar/graf-tambah-cover.png Graphic file (type png)

<use Gambar/graf-tambah-cover.png>
Package pdftex.def Info: Gambar/graf-tambah-cover.png used on input line 155.
(pdftex.def)             Requested size: 308.95465pt x 168.02797pt.

<Gambar/graf-embed-13-karakter.png, id=875, 387.69844pt x 211.54031pt>
File: Gambar/graf-embed-13-karakter.png Graphic file (type png)

<use Gambar/graf-embed-13-karakter.png>
Package pdftex.def Info: Gambar/graf-embed-13-karakter.png used on input line 1
64.
(pdftex.def)             Requested size: 310.15916pt x 169.23247pt.
 [51 <./Gambar/graf-extract.png> <./Gambar/graf-tambah-cover.png>]
<Gambar/graf-extract-13-karakter.png, id=882, 387.69844pt x 211.54031pt>
File: Gambar/graf-extract-13-karakter.png Graphic file (type png)

<use Gambar/graf-extract-13-karakter.png>
Package pdftex.def Info: Gambar/graf-extract-13-karakter.png used on input line
 171.
(pdftex.def)             Requested size: 310.15916pt x 169.23247pt.

<Gambar/graf-typo-before.png, id=887, 356.83313pt x 208.52907pt>
File: Gambar/graf-typo-before.png Graphic file (type png)

<use Gambar/graf-typo-before.png>
Package pdftex.def Info: Gambar/graf-typo-before.png used on input line 182.
(pdftex.def)             Requested size: 285.46687pt x 166.82347pt.
 [52 <./Gambar/graf-embed-13-karakter.png> <./Gambar/graf-extract-13-karakter.p
ng>]
<Gambar/graf-typo-after.png, id=896, 350.81062pt x 208.52907pt>
File: Gambar/graf-typo-after.png Graphic file (type png)

<use Gambar/graf-typo-after.png>
Package pdftex.def Info: Gambar/graf-typo-after.png used on input line 191.
(pdftex.def)             Requested size: 280.64886pt x 166.82347pt.
) [53 <./Gambar/graf-typo-before.png> <./Gambar/graf-typo-after.png>]
\openout2 = `Bab/bab6.aux'.

 (Bab/bab6.tex [54



]
Bab 6.
) [55]
\openout2 = `Bab/bab7.aux'.

 (Bab/bab7.tex)
\openout2 = `Bab/bab8.aux'.

 (Bab/bab8.tex)
\openout2 = `Bab/bab9.aux'.

 (Bab/bab9.tex) (main.bbl [56








]) [57]
\openout2 = `Lampiran/lampA.aux'.


(Lampiran/lampA.tex)
\openout2 = `Lampiran/lampB.aux'.

 (Lampiran/lampB.tex)
\openout2 = `Lampiran/lampC.aux'.

 (Lampiran/lampC.tex)
\openout2 = `Lampiran/lampD.aux'.


(Lampiran/lampD.tex)
\openout2 = `Lampiran/lampE.aux'.

 (Lampiran/lampE.tex)
\openout2 = `Lampiran/lampF.aux'.

 (Lampiran/lampF.tex)
\openout2 = `Lampiran/lampG.aux'.


(Lampiran/lampG.tex)
\openout2 = `Lampiran/lampH.aux'.

 (Lampiran/lampH.tex)
\openout2 = `Lampiran/lampI.aux'.

 (Lampiran/lampI.tex)
Package atveryend Info: Empty hook `BeforeClearDocument' on input line 531.
Package atveryend Info: Empty hook `AfterLastShipout' on input line 531.
 (main.aux
(Bab/bab1.aux) (Bab/bab2.aux) (Bab/bab3.aux) (Bab/bab4.aux) (Bab/bab5.aux)
(Bab/bab6.aux) (Bab/bab7.aux) (Bab/bab8.aux) (Bab/bab9.aux) (Lampiran/lampA.aux
) (Lampiran/lampB.aux) (Lampiran/lampC.aux) (Lampiran/lampD.aux)
(Lampiran/lampE.aux) (Lampiran/lampF.aux) (Lampiran/lampG.aux)
(Lampiran/lampH.aux) (Lampiran/lampI.aux))
Package atveryend Info: Executing hook `AtVeryEndDocument' on input line 531.
Package atveryend Info: Executing hook `AtEndAfterFileList' on input line 531.
Package rerunfilecheck Info: File `main.out' has not changed.
(rerunfilecheck)             Checksum: BF93973065F31C7F90F46DC8FA6A4128;7643.
 ) 
Here is how much of TeX's memory you used:
 14498 strings out of 493634
 198920 string characters out of 3143738
 420537 words of memory out of 3000000
 17228 multiletter control sequences out of 15000+200000
 20925 words of font info for 48 fonts, out of 3000000 for 9000
 1029 hyphenation exceptions out of 8191
 45i,12n,44p,1417b,538s stack positions out of 5000i,500n,10000p,200000b,50000s
 <C:\Users\Michael\AppData\Local\MiKTeX\2.9\fonts\pk\ljfour\jknappen\ec\dpi60
0\ecbi1095.pk> <C:\Users\Michael\AppData\Local\MiKTeX\2.9\fonts\pk\ljfour\jknap
pen\ec\dpi600\ecbi1200.pk> <C:\Users\Michael\AppData\Local\MiKTeX\2.9\fonts\pk\
ljfour\jknappen\ec\dpi600\eccc1000.pk> <C:\Users\Michael\AppData\Local\MiKTeX\2
.9\fonts\pk\ljfour\jknappen\ec\dpi600\ecrm0900.pk> <C:\Users\Michael\AppData\Lo
cal\MiKTeX\2.9\fonts\pk\ljfour\jknappen\ec\dpi600\ecrm0600.pk> <C:\Users\Michae
l\AppData\Local\MiKTeX\2.9\fonts\pk\ljfour\jknappen\ec\dpi600\ecrm0800.pk> <C:\
Users\Michael\AppData\Local\MiKTeX\2.9\fonts\pk\ljfour\jknappen\ec\dpi600\ecxc1
095.pk> <C:\Users\Michael\AppData\Local\MiKTeX\2.9\fonts\pk\ljfour\jknappen\ec\
dpi600\ecti1440.pk> <C:\Users\Michael\AppData\Local\MiKTeX\2.9\fonts\pk\ljfour\
jknappen\ec\dpi600\ecti1095.pk> <C:\Users\Michael\AppData\Local\MiKTeX\2.9\font
s\pk\ljfour\jknappen\ec\dpi600\ecbx1095.pk> <C:\Users\Michael\AppData\Local\MiK
TeX\2.9\fonts\pk\ljfour\jknappen\ec\dpi600\ecrm1095.pk> <C:\Users\Michael\AppDa
ta\Local\MiKTeX\2.9\fonts\pk\ljfour\jknappen\ec\dpi600\ecbx1200.pk> <C:\Users\M
ichael\AppData\Local\MiKTeX\2.9\fonts\pk\ljfour\jknappen\ec\dpi600\ecbx1440.pk>
<C:/Program Files/MiKTeX 2.9/fonts/type1/public/amsfonts/cm/cmex10.pfb><C:/Prog
ram Files/MiKTeX 2.9/fonts/type1/public/amsfonts/cm/cmmi10.pfb><C:/Program File
s/MiKTeX 2.9/fonts/type1/public/amsfonts/cm/cmr8.pfb><C:/Program Files/MiKTeX 2
.9/fonts/type1/public/amsfonts/cm/cmsy10.pfb>
Output written on main.pdf (77 pages, 1290653 bytes).
PDF statistics:
 1521 PDF objects out of 1728 (max. 8388607)
 292 named destinations out of 1000 (max. 500000)
 563 words of extra memory for PDF output out of 10000 (max. 10000000)

